c:\users\fairy\desktop\test_dll\sampledll\classlibrary_sampledll\debug\classlibrary_sampledll.pch
c:\users\fairy\desktop\test_dll\sampledll\classlibrary_sampledll\debug\vc140.pdb
c:\users\fairy\desktop\test_dll\sampledll\classlibrary_sampledll\debug\stdafx.obj
c:\users\fairy\desktop\test_dll\sampledll\classlibrary_sampledll\debug\classlibrary_sampledll.obj
c:\users\fairy\desktop\test_dll\sampledll\classlibrary_sampledll\debug\assemblyinfo.obj
c:\users\fairy\desktop\test_dll\sampledll\classlibrary_sampledll\debug\.netframework,version=v4.5.2.assemblyattributes.obj
c:\users\fairy\desktop\test_dll\sampledll\classlibrary_sampledll\debug\.netframework,version=v4.5.2.assemblyattributes.asm
c:\users\fairy\desktop\test_dll\sampledll\debug\classlibrary_sampledll.lib
c:\users\fairy\desktop\test_dll\sampledll\debug\classlibrary_sampledll.exp
c:\users\fairy\desktop\test_dll\sampledll\debug\classlibrary_sampledll.dll
c:\users\fairy\desktop\test_dll\sampledll\debug\classlibrary_sampledll.pdb
c:\users\fairy\desktop\test_dll\sampledll\classlibrary_sampledll\debug\app.res
c:\users\fairy\desktop\test_dll\sampledll\classlibrary_sampledll\debug\classlib.79ac7e14.tlog\cl.command.1.tlog
c:\users\fairy\desktop\test_dll\sampledll\classlibrary_sampledll\debug\classlib.79ac7e14.tlog\cl.read.1.tlog
c:\users\fairy\desktop\test_dll\sampledll\classlibrary_sampledll\debug\classlib.79ac7e14.tlog\cl.write.1.tlog
c:\users\fairy\desktop\test_dll\sampledll\classlibrary_sampledll\debug\classlib.79ac7e14.tlog\classlibrary_sampledll.write.1u.tlog
c:\users\fairy\desktop\test_dll\sampledll\classlibrary_sampledll\debug\classlib.79ac7e14.tlog\link.command.1.tlog
c:\users\fairy\desktop\test_dll\sampledll\classlibrary_sampledll\debug\classlib.79ac7e14.tlog\link.read.1.tlog
c:\users\fairy\desktop\test_dll\sampledll\classlibrary_sampledll\debug\classlib.79ac7e14.tlog\link.write.1.tlog
c:\users\fairy\desktop\test_dll\sampledll\classlibrary_sampledll\debug\classlib.79ac7e14.tlog\metagen.read.1.tlog
c:\users\fairy\desktop\test_dll\sampledll\classlibrary_sampledll\debug\classlib.79ac7e14.tlog\metagen.write.1.tlog
c:\users\fairy\desktop\test_dll\sampledll\classlibrary_sampledll\debug\classlib.79ac7e14.tlog\rc.command.1.tlog
c:\users\fairy\desktop\test_dll\sampledll\classlibrary_sampledll\debug\classlib.79ac7e14.tlog\rc.read.1.tlog
c:\users\fairy\desktop\test_dll\sampledll\classlibrary_sampledll\debug\classlib.79ac7e14.tlog\rc.write.1.tlog
c:\users\fairy\desktop\test_dll\sampledll\classlibrary_sampledll\debug\classlib.79ac7e14.tlog\tzres.dll.bi
